<?xml version="1.0" encoding="UTF-8"?>
<!-- Generated by org.testng.reporters.JUnitXMLReporter -->
<testsuite ignored="0" hostname="DESKTOP-JUVN070" failures="0" tests="4" name="Test" time="6.385" errors="0" timestamp="2024-04-19T10:03:30 CDT">
  <testcase classname="day07.copy.Create_User" name="test_Create_User" time="3.244"/>
  <testcase classname="day07.copy.Get_User" name="test_Get_User" time="1.031"/>
  <testcase classname="day07.copy.Update_User" name="test_Update_User" time="1.093"/>
  <testcase classname="day07.copy.Delete_User" name="test_Delete_User" time="0.957"/>
</testsuite> <!-- Test -->
