<?xml version="1.0" encoding="UTF-8"?>
<testng-results ignored="0" total="1" passed="1" failed="0" skipped="0">
  <reporter-output>
  </reporter-output>
  <suite started-at="2024-04-14T19:38:15 CDT" name="Default suite" finished-at="2024-04-14T19:38:17 CDT" duration-ms="2076">
    <groups>
    </groups>
    <test started-at="2024-04-14T19:38:15 CDT" name="Default test" finished-at="2024-04-14T19:38:17 CDT" duration-ms="2076">
      <class name="day03.Headers_Demo">
        <test-method signature="test_Headers()[pri:1, instance:day03.Headers_Demo@dd8ba08]" started-at="2024-04-14T19:38:15 CDT" name="test_Headers" finished-at="2024-04-14T19:38:17 CDT" duration-ms="2028" status="PASS">
          <reporter-output>
          </reporter-output>
        </test-method> <!-- test_Headers -->
      </class> <!-- day03.Headers_Demo -->
    </test> <!-- Default test -->
  </suite> <!-- Default suite -->
</testng-results>
