<?xml version="1.0" encoding="UTF-8"?>
<testng-results ignored="0" total="1" passed="1" failed="0" skipped="0">
  <reporter-output>
  </reporter-output>
  <suite started-at="2024-04-17T11:08:13 CDT" name="Default suite" finished-at="2024-04-17T11:08:14 CDT" duration-ms="264">
    <groups>
    </groups>
    <test started-at="2024-04-17T11:08:13 CDT" name="Default test" finished-at="2024-04-17T11:08:14 CDT" duration-ms="264">
      <class name="day06.Faker_Data_Generator">
        <test-method signature="generate_Dummy_Data()[pri:0, instance:day06.Faker_Data_Generator@595b007d]" started-at="2024-04-17T11:08:13 CDT" name="generate_Dummy_Data" finished-at="2024-04-17T11:08:14 CDT" duration-ms="215" status="PASS">
          <reporter-output>
          </reporter-output>
        </test-method> <!-- generate_Dummy_Data -->
      </class> <!-- day06.Faker_Data_Generator -->
    </test> <!-- Default test -->
  </suite> <!-- Default suite -->
</testng-results>
